


ARM Macro Assembler    Page 1 


    1 00000000         ; Print.s
    2 00000000         ; Student names: change this to your names or look very 
                       silly
    3 00000000         ; Last modification date: change this to the last modifi
                       cation date or look very silly
    4 00000000         ; Runs on LM4F120 or TM4C123
    5 00000000         ; EE319K lab 7 device driver for any LCD
    6 00000000         ;
    7 00000000         ; As part of Lab 7, students need to implement these LCD
                       _OutDec and LCD_OutFix
    8 00000000         ; This driver assumes two low-level LCD functions
    9 00000000         ; ST7735_OutChar   outputs a single 8-bit ASCII characte
                       r
   10 00000000         ; ST7735_OutString outputs a null-terminated string 
   11 00000000         
   12 00000000                 IMPORT           ST7735_OutChar
   13 00000000                 IMPORT           ST7735_OutString
   14 00000000                 EXPORT           LCD_OutDec
   15 00000000                 EXPORT           LCD_OutFix
   16 00000000         
   17 00000000 00000000 
                       DIGIT   EQU              0
   18 00000000         
   19 00000000                 AREA             |.text|, CODE, READONLY, ALIGN=
2
   20 00000000                 THUMB
   21 00000000         
   22 00000000         
   23 00000000         
   24 00000000         ;-----------------------LCD_OutDec----------------------
                       -
   25 00000000         ; Output a 32-bit number in unsigned decimal format
   26 00000000         ; Input: R0 (call by value) 32-bit unsigned number
   27 00000000         ; Output: none
   28 00000000         ; Invariables: This function must not permanently modify
                        registers R4 to R11
   29 00000000         LCD_OutDec
   30 00000000 B510            PUSH             {R4,LR}
   31 00000002 B082            SUB              SP, #8      ;allocating
   32 00000004 F04F 020A       MOV              R2, #10
   33 00000008         
   34 00000008 280A    start   CMP              R0, #10
   35 0000000A D204            BHS              recur
   36 0000000C F100 0030       ADD              R0, #0x30   ;base case
   37 00000010 F7FF FFFE       BL               ST7735_OutChar
   38 00000014 E010            B                done
   39 00000016         
   40 00000016 4601    recur   MOV              R1, R0      ;R1 = R0 = 654
   41 00000018 FBB0 F0F2       UDIV             R0, R0, R2  ;R0 = 654/10 = 65
   42 0000001C FB00 F302       MUL              R3, R0, R2  ;R3 = 65 * 10 = 650
                                                            
   43 00000020 EBA1 0303       SUB              R3, R1, R3  ;R3 = 654-650 = 4 
   44 00000024 F103 0330       ADD              R3, #0x30
   45 00000028 F88D 3000       STRB             R3, [SP,#DIGIT] ;access 
   46 0000002C F7FF FFFE       BL               LCD_OutDec  ;OBJECTIVE SOMEHOW 
                                                            BL start
   47 00000030 F89D 0000       LDRB             R0, [SP,#DIGIT]
   48 00000034 F7FF FFFE       BL               ST7735_OutChar
   49 00000038         



ARM Macro Assembler    Page 2 


   50 00000038 B002    done    ADD              SP, #8      ;deallocating
   51 0000003A E8BD 4010       POP              {R4,LR}
   52 0000003E 4770            BX               LR
   53 00000040         ;* * * * * * * * End of LCD_OutDec * * * * * * * *
   54 00000040         
   55 00000040         ; -----------------------LCD _OutFix--------------------
                       --
   56 00000040         ; Output characters to LCD display in fixed-point format
                       
   57 00000040         ; unsigned decimal, resolution 0.001, range 0.000 to 9.9
                       99
   58 00000040         ; Inputs:  R0 is an unsigned 32-bit number
   59 00000040         ; Outputs: none
   60 00000040         ; E.g., R0=0,    then output "0.000 "
   61 00000040         ;       R0=3,    then output "0.003 "
   62 00000040         ;       R0=89,   then output "0.089 "
   63 00000040         ;       R0=123,  then output "0.123 "
   64 00000040         ;       R0=9999, then output "9.999 "
   65 00000040         ;       R0>9999, then output "*.*** "
   66 00000040         ; Invariables: This function must not permanently modify
                        registers R4 to R11
   67 00000040         LCD_OutFix
   68 00000040 F04F 0C00       MOV              R12, #0     ;R4 = . position co
                                                            unter   ;need to mo
                                                            ve this
   69 00000044         LCD_Fix
   70 00000044 B510            PUSH             {R4,LR}
   71 00000046 B082            SUB              SP, #8      ;allocating
   72 00000048 F04F 020A       MOV              R2, #10
   73 0000004C         
   74 0000004C F5B0 7F7A       CMP              R0, #1000
   75 00000050 D310            BLO              start2
   76 00000052 F04F 002A       MOV              R0, #0x2A   ;R0 = ASCII '*'
   77 00000056 F7FF FFFE       BL               ST7735_OutChar
   78 0000005A F04F 002E       MOV              R0, #0x2E
   79 0000005E F7FF FFFE       BL               ST7735_OutChar
   80 00000062 F04F 002A       MOV              R0, #0x2A
   81 00000066 F7FF FFFE       BL               ST7735_OutChar
   82 0000006A F04F 002A       MOV              R0, #0x2A
   83 0000006E F7FF FFFE       BL               ST7735_OutChar
   84 00000072 E01D            B                done2
   85 00000074         
   86 00000074         
   87 00000074 F1BC 0F02 
                       start2  CMP              R12, #2
   88 00000078 D304            BLO              recur2
   89 0000007A F100 0030       ADD              R0, #0x30   ;base case
   90 0000007E F7FF FFFE       BL               ST7735_OutChar
   91 00000082 E015            B                done2
   92 00000084         
   93 00000084 4601    recur2  MOV              R1, R0      ;R1 = R0 = 654
   94 00000086 FBB0 F0F2       UDIV             R0, R0, R2  ;R0 = 654/10 = 65
   95 0000008A FB00 F302       MUL              R3, R0, R2  ;R3 = 65 * 10 = 650
                                                            
   96 0000008E EBA1 0303       SUB              R3, R1, R3  ;R3 = 654-650 = 4 
   97 00000092 F103 0330       ADD              R3, #0x30
   98 00000096 F88D 3000       STRB             R3, [SP,#DIGIT] ;access
   99 0000009A F10C 0C01       ADD              R12, #1
  100 0000009E F7FF FFD1       BL               LCD_Fix



ARM Macro Assembler    Page 3 


  101 000000A2 F1BC 0F02       CMP              R12, #2
  102 000000A6 D007            BEQ              dot
  103 000000A8 F89D 0000 
                       back    LDRB             R0, [SP,#DIGIT]
  104 000000AC F7FF FFFE       BL               ST7735_OutChar
  105 000000B0         
  106 000000B0         
  107 000000B0 B002    done2   ADD              SP, #8      ;deallocating
  108 000000B2 E8BD 4010       POP              {R4,LR}
  109 000000B6 4770            BX               LR
  110 000000B8         
  111 000000B8 F04F 002E 
                       dot     MOV              R0, #0x2E   ;R0 = ASCII '.'
  112 000000BC F7FF FFFE       BL               ST7735_OutChar
  113 000000C0 F1AC 0C01       SUB              R12, #1     ;making everything 
                                                            after R12 glitchy
  114 000000C4 E7F0            B                back
  115 000000C6         
  116 000000C6 00 00           ALIGN
  117 000000C8         ;* * * * * * * * End of LCD_OutFix * * * * * * * *
  118 000000C8         
  119 000000C8                 ALIGN                        ; make sure the end
                                                             of this section is
                                                             aligned
  120 000000C8                 END                          ; end of file
Command Line: --debug --xref --diag_suppress=9931 --cpu=Cortex-M4 --apcs=interw
ork --depend=.\print.d -o.\print.o -I.\RTE\_SpaceInvaders -IC:\Users\lilyc\AppD
ata\Local\Arm\Packs\ARM\CMSIS\5.6.0\CMSIS\Core\Include -IC:\Users\lilyc\AppData
\Local\Arm\Packs\Keil\TM4C_DFP\1.1.0\Device\Include\TM4C123 --predefine="__UVIS
ION_VERSION SETA 529" --predefine="_RTE_ SETA 1" --predefine="TM4C123GH6PM SETA
 1" --list=.\print.lst Print.s



ARM Macro Assembler    Page 1 Alphabetic symbol ordering
Relocatable symbols

.text 00000000

Symbol: .text
   Definitions
      At line 19 in file Print.s
   Uses
      None
Comment: .text unused
LCD_Fix 00000044

Symbol: LCD_Fix
   Definitions
      At line 69 in file Print.s
   Uses
      At line 100 in file Print.s
Comment: LCD_Fix used once
LCD_OutDec 00000000

Symbol: LCD_OutDec
   Definitions
      At line 29 in file Print.s
   Uses
      At line 14 in file Print.s
      At line 46 in file Print.s

LCD_OutFix 00000040

Symbol: LCD_OutFix
   Definitions
      At line 67 in file Print.s
   Uses
      At line 15 in file Print.s
Comment: LCD_OutFix used once
back 000000A8

Symbol: back
   Definitions
      At line 103 in file Print.s
   Uses
      At line 114 in file Print.s
Comment: back used once
done 00000038

Symbol: done
   Definitions
      At line 50 in file Print.s
   Uses
      At line 38 in file Print.s
Comment: done used once
done2 000000B0

Symbol: done2
   Definitions
      At line 107 in file Print.s
   Uses
      At line 84 in file Print.s
      At line 91 in file Print.s

dot 000000B8



ARM Macro Assembler    Page 2 Alphabetic symbol ordering
Relocatable symbols


Symbol: dot
   Definitions
      At line 111 in file Print.s
   Uses
      At line 102 in file Print.s
Comment: dot used once
recur 00000016

Symbol: recur
   Definitions
      At line 40 in file Print.s
   Uses
      At line 35 in file Print.s
Comment: recur used once
recur2 00000084

Symbol: recur2
   Definitions
      At line 93 in file Print.s
   Uses
      At line 88 in file Print.s
Comment: recur2 used once
start 00000008

Symbol: start
   Definitions
      At line 34 in file Print.s
   Uses
      None
Comment: start unused
start2 00000074

Symbol: start2
   Definitions
      At line 87 in file Print.s
   Uses
      At line 75 in file Print.s
Comment: start2 used once
12 symbols



ARM Macro Assembler    Page 1 Alphabetic symbol ordering
Absolute symbols

DIGIT 00000000

Symbol: DIGIT
   Definitions
      At line 17 in file Print.s
   Uses
      At line 45 in file Print.s
      At line 47 in file Print.s
      At line 98 in file Print.s
      At line 103 in file Print.s

1 symbol



ARM Macro Assembler    Page 1 Alphabetic symbol ordering
External symbols

ST7735_OutChar 00000000

Symbol: ST7735_OutChar
   Definitions
      At line 12 in file Print.s
   Uses
      At line 37 in file Print.s
      At line 48 in file Print.s
      At line 77 in file Print.s
      At line 79 in file Print.s
      At line 81 in file Print.s
      At line 83 in file Print.s
      At line 90 in file Print.s
      At line 104 in file Print.s
      At line 112 in file Print.s

ST7735_OutString 00000000

Symbol: ST7735_OutString
   Definitions
      At line 13 in file Print.s
   Uses
      None
Comment: ST7735_OutString unused
2 symbols
348 symbols in table
