


ARM Macro Assembler    Page 1 


    1 00000000         ; LCD.s
    2 00000000         ; Student names: Lily Chieng, Ashiqa Momin
    3 00000000         ; Last modification date: 4/16/2020
    4 00000000         
    5 00000000         ; Runs on LM4F120/TM4C123
    6 00000000         ; Use SSI0 to send an 8-bit code to the ST7735 160x128 p
                       ixel LCD.
    7 00000000         
    8 00000000         ; As part of Lab 7, students need to implement these LCD
                       _WriteCommand and LCD_WriteData
    9 00000000         ; This driver assumes two low-level LCD functions
   10 00000000         
   11 00000000         ; Backlight (pin 10) connected to +3.3 V
   12 00000000         ; MISO (pin 9) unconnected
   13 00000000         ; SCK (pin 8) connected to PA2 (SSI0Clk)
   14 00000000         ; MOSI (pin 7) connected to PA5 (SSI0Tx)
   15 00000000         ; TFT_CS (pin 6) connected to PA3 (SSI0Fss)
   16 00000000         ; CARD_CS (pin 5) unconnected
   17 00000000         ; Data/Command (pin 4) connected to PA6 (GPIO)
   18 00000000         ; RESET (pin 3) connected to PA7 (GPIO)
   19 00000000         ; VCC (pin 2) connected to +3.3 V
   20 00000000         ; Gnd (pin 1) connected to ground
   21 00000000         
   22 00000000         
   23 00000000 400043FC 
                       GPIO_PORTA_DATA_R
                               EQU              0x400043FC
   24 00000000 40008008 
                       SSI0_DR_R
                               EQU              0x40008008
   25 00000000 4000800C 
                       SSI0_SR_R
                               EQU              0x4000800C
   26 00000000 00000004 
                       SSI_SR_RNE
                               EQU              0x00000004  ; SSI Receive FIFO 
                                                            Not Empty
   27 00000000 00000010 
                       SSI_SR_BSY
                               EQU              0x00000010  ; SSI Busy Bit
   28 00000000 00000002 
                       SSI_SR_TNF
                               EQU              0x00000002  ; SSI Transmit FIFO
                                                             Not Full
   29 00000000         
   30 00000000 00000000 
                       DIGIT   EQU              0           ;binding
   31 00000000        B 
                       FP      RN               11
   32 00000000         
   33 00000000                 EXPORT           writecommand
   34 00000000                 EXPORT           writedata
   35 00000000                 PRESERVE8
   36 00000000                 AREA             |.text|, CODE, READONLY, ALIGN=
2
   37 00000000                 THUMB
   38 00000000                 ALIGN
   39 00000000         
   40 00000000         ; The Data/Command pin must be valid when the eighth bit



ARM Macro Assembler    Page 2 


                        is
   41 00000000         ; sent.  The SSI module has hardware input and output FI
                       FOs
   42 00000000         ; that are 8 locations deep.  Based on the observation t
                       hat
   43 00000000         ; the LCD interface tends to send a few commands and the
                       n a
   44 00000000         ; lot of data, the FIFOs are not used when writing
   45 00000000         ; commands, and they are used when writing data.  This
   46 00000000         ; ensures that the Data/Command pin status matches the b
                       yte
   47 00000000         ; that is actually being transmitted.
   48 00000000         ; The write command operation waits until all data has b
                       een
   49 00000000         ; sent, configures the Data/Command pin for commands, se
                       nds
   50 00000000         ; the command, and then waits for the transmission to
   51 00000000         ; finish.
   52 00000000         ; The write data operation waits until there is room in 
                       the
   53 00000000         ; transmit FIFO, configures the Data/Command pin for dat
                       a,
   54 00000000         ; and then adds the data to the transmit FIFO.
   55 00000000         ; NOTE: These functions will crash or stall indefinitely
                        if
   56 00000000         ; the SSI0 module is not initialized and enabled.
   57 00000000         
   58 00000000         ; This is a helper function that sends an 8-bit command 
                       to the LCD.
   59 00000000         ; Input: R0  8-bit command to transmit
   60 00000000         ; Output: none
   61 00000000         ; Assumes: SSI0 and port A have already been initialized
                        and enabled
   62 00000000         writecommand
   63 00000000         ;1) Read SSI0_SR_R and check bit 4, 
   64 00000000         ;2) If bit 4 is high, loop back to step 1 (wait for BUSY
                        bit to be low)
   65 00000000         ;3) Clear D/C=PA6 to zero
   66 00000000         ;4) Write the command to SSI0_DR_R
   67 00000000         ;5) Read SSI0_SR_R and check bit 4, 
   68 00000000         ;6) If bit 4 is high, loop back to step 5 (wait for BUSY
                        bit to be low)
   69 00000000         
   70 00000000 4A10    C_ONE   LDR              R2, =SSI0_SR_R
   71 00000002 6811            LDR              R1,[R2]
   72 00000004 F001 0110       AND              R1, #0x10
   73 00000008 2910            CMP              R1, #0x10
   74 0000000A D0F9            BEQ              C_ONE
   75 0000000C 4A0E            LDR              R2, =GPIO_PORTA_DATA_R
   76 0000000E 6811            LDR              R1, [R2]
   77 00000010 F021 0140       BIC              R1, #0x40
   78 00000014 6011            STR              R1, [R2]
   79 00000016 4A0D            LDR              R2, =SSI0_DR_R
   80 00000018 7010            STRB             R0,[R2]
   81 0000001A 4A0A    C_FIVE  LDR              R2, =SSI0_SR_R
   82 0000001C 6811            LDR              R1,[R2]
   83 0000001E F001 0110       AND              R1, #0x10
   84 00000022 2910            CMP              R1, #0x10
   85 00000024 D0F9            BEQ              C_FIVE



ARM Macro Assembler    Page 3 


   86 00000026         
   87 00000026 4770            BX               LR          ;   return
   88 00000028         
   89 00000028         ; This is a helper function that sends an 8-bit data to 
                       the LCD.
   90 00000028         ; Input: R0  8-bit data to transmit
   91 00000028         ; Output: none
   92 00000028         ; Assumes: SSI0 and port A have already been initialized
                        and enabled
   93 00000028         writedata
   94 00000028         ;1) Read SSI0_SR_R and check bit 1, 
   95 00000028         ;2) If bit 1 is low loop back to step 1 (wait for TNF bi
                       t to be high)
   96 00000028         ;3) Set D/C=PA6 to one
   97 00000028         ;4) Write the 8-bit data to SSI0_DR_R
   98 00000028         
   99 00000028         D_ONE
  100 00000028 4A06            LDR              R2, =SSI0_SR_R
  101 0000002A 6811            LDR              R1, [R2]
  102 0000002C F001 0102       AND              R1, #0x02
  103 00000030 2902            CMP              R1, #0x02
  104 00000032 D1F9            BNE              D_ONE
  105 00000034 4A04            LDR              R2, =GPIO_PORTA_DATA_R
  106 00000036 6811            LDR              R1, [R2]
  107 00000038 F041 0140       ORR              R1, #0x40
  108 0000003C 6011            STR              R1, [R2]
  109 0000003E 4A03            LDR              R2, =SSI0_DR_R
  110 00000040 7010            STRB             R0, [R2]
  111 00000042         
  112 00000042 4770            BX               LR          ;   return
  113 00000044         
  114 00000044         
  115 00000044         ;***************************************************
  116 00000044         ; This is a library for the Adafruit 1.8" SPI display.
  117 00000044         ; This library works with the Adafruit 1.8" TFT Breakout
                        w/SD card
  118 00000044         ; ----> http://www.adafruit.com/products/358
  119 00000044         ; as well as Adafruit raw 1.8" TFT display
  120 00000044         ; ----> http://www.adafruit.com/products/618
  121 00000044         ;
  122 00000044         ; Check out the links above for our tutorials and wiring
                        diagrams
  123 00000044         ; These displays use SPI to communicate, 4 or 5 pins are
                        required to
  124 00000044         ; interface (RST is optional)
  125 00000044         ; Adafruit invests time and resources providing this ope
                       n source code,
  126 00000044         ; please support Adafruit and open-source hardware by pu
                       rchasing
  127 00000044         ; products from Adafruit!
  128 00000044         ;
  129 00000044         ; Written by Limor Fried/Ladyada for Adafruit Industries
                       .
  130 00000044         ; MIT license, all text above must be included in any re
                       distribution
  131 00000044         ;****************************************************
  132 00000044         
  133 00000044                 ALIGN                        ; make sure the end
                                                             of this section is



ARM Macro Assembler    Page 4 


                                                             aligned
  134 00000044                 END                          ; end of file
              4000800C 
              400043FC 
              40008008 
Command Line: --debug --xref --diag_suppress=9931 --cpu=Cortex-M4 --apcs=interw
ork --depend=.\lcd.d -o.\lcd.o -I.\RTE\_Lab8 -IC:\Users\Lily\AppData\Local\Arm\
Packs\ARM\CMSIS\5.6.0\CMSIS\Core\Include -IC:\Users\Lily\AppData\Local\Arm\Pack
s\Keil\TM4C_DFP\1.1.0\Device\Include\TM4C123 --predefine="__UVISION_VERSION SET
A 529" --predefine="_RTE_ SETA 1" --predefine="TM4C123GH6PM SETA 1" --list=.\lc
d.lst LCD.s



ARM Macro Assembler    Page 1 Alphabetic symbol ordering
Relocatable symbols

.text 00000000

Symbol: .text
   Definitions
      At line 36 in file LCD.s
   Uses
      None
Comment: .text unused
C_FIVE 0000001A

Symbol: C_FIVE
   Definitions
      At line 81 in file LCD.s
   Uses
      At line 85 in file LCD.s
Comment: C_FIVE used once
C_ONE 00000000

Symbol: C_ONE
   Definitions
      At line 70 in file LCD.s
   Uses
      At line 74 in file LCD.s
Comment: C_ONE used once
D_ONE 00000028

Symbol: D_ONE
   Definitions
      At line 99 in file LCD.s
   Uses
      At line 104 in file LCD.s
Comment: D_ONE used once
writecommand 00000000

Symbol: writecommand
   Definitions
      At line 62 in file LCD.s
   Uses
      At line 33 in file LCD.s
Comment: writecommand used once
writedata 00000028

Symbol: writedata
   Definitions
      At line 93 in file LCD.s
   Uses
      At line 34 in file LCD.s
Comment: writedata used once
6 symbols



ARM Macro Assembler    Page 1 Alphabetic symbol ordering
Absolute symbols

DIGIT 00000000

Symbol: DIGIT
   Definitions
      At line 30 in file LCD.s
   Uses
      None
Comment: DIGIT unused
GPIO_PORTA_DATA_R 400043FC

Symbol: GPIO_PORTA_DATA_R
   Definitions
      At line 23 in file LCD.s
   Uses
      At line 75 in file LCD.s
      At line 105 in file LCD.s

SSI0_DR_R 40008008

Symbol: SSI0_DR_R
   Definitions
      At line 24 in file LCD.s
   Uses
      At line 79 in file LCD.s
      At line 109 in file LCD.s

SSI0_SR_R 4000800C

Symbol: SSI0_SR_R
   Definitions
      At line 25 in file LCD.s
   Uses
      At line 70 in file LCD.s
      At line 81 in file LCD.s
      At line 100 in file LCD.s

SSI_SR_BSY 00000010

Symbol: SSI_SR_BSY
   Definitions
      At line 27 in file LCD.s
   Uses
      None
Comment: SSI_SR_BSY unused
SSI_SR_RNE 00000004

Symbol: SSI_SR_RNE
   Definitions
      At line 26 in file LCD.s
   Uses
      None
Comment: SSI_SR_RNE unused
SSI_SR_TNF 00000002

Symbol: SSI_SR_TNF
   Definitions
      At line 28 in file LCD.s
   Uses
      None



ARM Macro Assembler    Page 2 Alphabetic symbol ordering
Absolute symbols

Comment: SSI_SR_TNF unused
7 symbols
348 symbols in table
